0 info it worked if it ends with ok
1 verbose cli [ '/usr/bin/nodejs', '/usr/bin/npm', 'start' ]
2 info using npm@3.9.3
3 info using node@v5.11.1
4 verbose run-script [ 'prestart', 'start', 'poststart' ]
5 info lifecycle keep-my-cv-be@1.0.0~prestart: keep-my-cv-be@1.0.0
6 verbose lifecycle keep-my-cv-be@1.0.0~prestart: unsafe-perm in lifecycle true
7 verbose lifecycle keep-my-cv-be@1.0.0~prestart: PATH: /usr/lib/node_modules/npm/bin/node-gyp-bin:/home/vladb95/projects/c#/keep-my-cv-be/node_modules/.bin:/usr/bin:/usr/local/sbin:/usr/local/bin:/usr/sbin:/usr/bin:/sbin:/bin
8 verbose lifecycle keep-my-cv-be@1.0.0~prestart: CWD: /home/vladb95/projects/c#/keep-my-cv-be
9 silly lifecycle keep-my-cv-be@1.0.0~prestart: Args: [ '-c', 'npm run -s build' ]
10 silly lifecycle keep-my-cv-be@1.0.0~prestart: Returned: code: 0  signal: null
11 info lifecycle keep-my-cv-be@1.0.0~start: keep-my-cv-be@1.0.0
12 verbose lifecycle keep-my-cv-be@1.0.0~start: unsafe-perm in lifecycle true
13 verbose lifecycle keep-my-cv-be@1.0.0~start: PATH: /usr/lib/node_modules/npm/bin/node-gyp-bin:/home/vladb95/projects/c#/keep-my-cv-be/node_modules/.bin:/usr/bin:/usr/local/sbin:/usr/local/bin:/usr/sbin:/usr/bin:/sbin:/bin
14 verbose lifecycle keep-my-cv-be@1.0.0~start: CWD: /home/vladb95/projects/c#/keep-my-cv-be
15 silly lifecycle keep-my-cv-be@1.0.0~start: Args: [ '-c', 'node dist' ]
16 silly lifecycle keep-my-cv-be@1.0.0~start: Returned: code: 1  signal: null
17 info lifecycle keep-my-cv-be@1.0.0~start: Failed to exec start script
18 verbose stack Error: keep-my-cv-be@1.0.0 start: `node dist`
18 verbose stack Exit status 1
18 verbose stack     at EventEmitter.<anonymous> (/usr/lib/node_modules/npm/lib/utils/lifecycle.js:245:16)
18 verbose stack     at emitTwo (events.js:100:13)
18 verbose stack     at EventEmitter.emit (events.js:185:7)
18 verbose stack     at ChildProcess.<anonymous> (/usr/lib/node_modules/npm/lib/utils/spawn.js:24:14)
18 verbose stack     at emitTwo (events.js:100:13)
18 verbose stack     at ChildProcess.emit (events.js:185:7)
18 verbose stack     at maybeClose (internal/child_process.js:850:16)
18 verbose stack     at Process.ChildProcess._handle.onexit (internal/child_process.js:215:5)
19 verbose pkgid keep-my-cv-be@1.0.0
20 verbose cwd /home/vladb95/projects/c#/keep-my-cv-be
21 error Linux 3.19.0-32-generic
22 error argv "/usr/bin/nodejs" "/usr/bin/npm" "start"
23 error node v5.11.1
24 error npm  v3.9.3
25 error code ELIFECYCLE
26 error keep-my-cv-be@1.0.0 start: `node dist`
26 error Exit status 1
27 error Failed at the keep-my-cv-be@1.0.0 start script 'node dist'.
27 error Make sure you have the latest version of node.js and npm installed.
27 error If you do, this is most likely a problem with the keep-my-cv-be package,
27 error not with npm itself.
27 error Tell the author that this fails on your system:
27 error     node dist
27 error You can get information on how to open an issue for this project with:
27 error     npm bugs keep-my-cv-be
27 error Or if that isn't available, you can get their info via:
27 error     npm owner ls keep-my-cv-be
27 error There is likely additional logging output above.
28 verbose exit [ 1, true ]
